<?xml version="1.0" encoding="UTF-8"?>
<testsuites name="searchTestSuite" time="89" tests="2" failures="0" errors="0">
   <testsuite name="searchTestSuite" tests="2" failures="0" errors="0" time="89" timestamp="2018-05-19 15:20:26" hostname="abdul - LAPTOP-4FQQCFFD.Home" id="Test Suites/searchTestSuite">
      <properties>
         <property name="deviceName" value="HUAWEI BKL-L09 (Android 8.0.0)"/>
         <property name="devicePlatform" value=""/>
         <property name="logFolder" value="C:\\Users\\abdul\\Katalon Studio\\Katalon Project\\Reports\\searchTestSuite\\20180519_152024"/>
         <property name="logFiles" value="C:\\Users\\abdul\\Katalon Studio\\Katalon Project\\Reports\\searchTestSuite\\20180519_152024\\appium.log, C:\\Users\\abdul\\Katalon Studio\\Katalon Project\\Reports\\searchTestSuite\\20180519_152024\\execution0.log"/>
         <property name="attachments" value=""/>
         <property name="hostName" value="abdul - LAPTOP-4FQQCFFD.Home"/>
         <property name="os" value="Windows 10 64bit"/>
         <property name="katalonVersion" value="5.4.1.1"/>
         <property name="deviceOS" value="Android"/>
         <property name="appiumVersion" value="1.8.0"/>
         <property name="sessionId" value="f20daea3-06b8-4480-887b-6842cff87c94"/>
         <property name="deviceId" value="M2HDU18305002992"/>
         <property name="deviceName" value="HUAWEI BKL-L09 (Android 8.0.0)"/>
         <property name="proxyInformation" value="ProxyInformation{proxyOption=NO_PROXY, proxyServerType=HTTP, password=, proxyServerAddress=, proxyServerPort=0}"/>
         <property name="deviceOSVersion" value="8.0.0"/>
         <property name="platform" value="Windows 10"/>
         <property name="browser" value="Chrome 66.0.3359.158"/>
         <property name="deviceModel" value="BKL-L09"/>
         <property name="hostAddress" value="192.168.0.42"/>
         <property name="deviceManufacturer" value="HUAWEI"/>
         <property name="seleniumVersion" value="3.7.1"/>
      </properties>
      <testcase name="Test Cases/searchAmazon" classname="Test Cases/searchAmazon" status="PASSED">
         <system-out><![CDATA[2018-05-19 15:20:27 - [TEST_CASE][PASSED] - Test Cases/searchAmazon: Test Cases/searchAmazon

2018-05-19 15:20:27 - [TEST_STEP][PASSED] - openBrowser: Browser is opened with url: ''

2018-05-19 15:20:58 - [MESSAGE][PASSED] - Browser is opened with url: ''

2018-05-19 15:20:58 - [TEST_STEP][PASSED] - navigateToUrl: Navigate to 'https://www.amazon.co.uk/' successfully

2018-05-19 15:20:59 - [MESSAGE][PASSED] - Navigate to 'https://www.amazon.co.uk/' successfully

2018-05-19 15:20:59 - [TEST_STEP][PASSED] - setText: Text 'Java in 21 days' is set on object 'Object Repository/Page_Amazon.co.uk Low Prices in Ele/input_field-keywords'

2018-05-19 15:21:01 - [MESSAGE][PASSED] - Text 'Java in 21 days' is set on object 'Object Repository/Page_Amazon.co.uk Low Prices in Ele/input_field-keywords'

2018-05-19 15:21:01 - [TEST_STEP][PASSED] - click: Object: 'Object Repository/Page_Amazon.co.uk java in 21 days B/h2_Java in 21 Days Sams Teach' is clicked on

2018-05-19 15:21:04 - [MESSAGE][PASSED] - Object: 'Object Repository/Page_Amazon.co.uk java in 21 days B/h2_Java in 21 Days Sams Teach' is clicked on

2018-05-19 15:21:04 - [TEST_STEP][PASSED] - click: Object: 'Object Repository/Page_Amazon.co.uk Low Prices in Ele/div_java in 21 days in Books' is clicked on

2018-05-19 15:21:09 - [MESSAGE][PASSED] - Object: 'Object Repository/Page_Amazon.co.uk Low Prices in Ele/div_java in 21 days in Books' is clicked on

2018-05-19 15:21:09 - [TEST_STEP][PASSED] - click: Object: 'Object Repository/Page_Java in 21 Days Sams Teach You/input_submit.add-to-cart' is clicked on

2018-05-19 15:21:11 - [MESSAGE][PASSED] - Object: 'Object Repository/Page_Java in 21 Days Sams Teach You/input_submit.add-to-cart' is clicked on

2018-05-19 15:21:11 - [TEST_STEP][PASSED] - click: Object: 'Object Repository/Page_Amazon.co.uk Shopping Basket/span_32.99' is clicked on

2018-05-19 15:21:12 - [MESSAGE][PASSED] - Object: 'Object Repository/Page_Amazon.co.uk Shopping Basket/span_32.99' is clicked on

2018-05-19 15:21:12 - [TEST_STEP][PASSED] - verifyElementPresent: Object 'Object Repository/Page_Amazon.co.uk Shopping Basket/span_32.99' is present

2018-05-19 15:21:12 - [MESSAGE][WARNING] - Timeout '0' is invalid. Using default page load timeout: '30'

2018-05-19 15:21:12 - [MESSAGE][PASSED] - Object 'Object Repository/Page_Amazon.co.uk Shopping Basket/span_32.99' is present

2018-05-19 15:21:12 - [TEST_STEP][PASSED] - closeBrowser: Browser is closed

2018-05-19 15:21:16 - [MESSAGE][PASSED] - Browser is closed]]></system-out>
         <system-err><![CDATA[]]></system-err>
      </testcase>
      <testcase name="Test Cases/searchGoogle" classname="Test Cases/searchGoogle" status="PASSED">
         <system-out><![CDATA[2018-05-19 15:21:16 - [TEST_CASE][PASSED] - Test Cases/searchGoogle: Test Cases/searchGoogle

2018-05-19 15:21:16 - [TEST_STEP][PASSED] - openBrowser: Browser is opened with url: ''

2018-05-19 15:21:38 - [MESSAGE][PASSED] - Browser is opened with url: ''

2018-05-19 15:21:38 - [TEST_STEP][PASSED] - navigateToUrl: Navigate to 'https://www.google.co.uk' successfully

2018-05-19 15:21:39 - [MESSAGE][PASSED] - Navigate to 'https://www.google.co.uk' successfully

2018-05-19 15:21:39 - [TEST_STEP][PASSED] - setText: Text 'Java in 21 days' is set on object 'Object Repository/searchGoogle/Page_Google/input_q'

2018-05-19 15:21:40 - [MESSAGE][PASSED] - Text 'Java in 21 days' is set on object 'Object Repository/searchGoogle/Page_Google/input_q'

2018-05-19 15:21:40 - [TEST_STEP][PASSED] - click: Object: 'Object Repository/searchGoogle/Page_Google/div_java in 21 days' is clicked on

2018-05-19 15:21:41 - [MESSAGE][PASSED] - Object: 'Object Repository/searchGoogle/Page_Google/div_java in 21 days' is clicked on

2018-05-19 15:21:41 - [TEST_STEP][PASSED] - click: Object: 'Object Repository/searchGoogle/Page_java in 21 days - Google Searc/a_Sams Teach Yourself Java in' is clicked on

2018-05-19 15:21:47 - [MESSAGE][PASSED] - Object: 'Object Repository/searchGoogle/Page_java in 21 days - Google Searc/a_Sams Teach Yourself Java in' is clicked on

2018-05-19 15:21:47 - [TEST_STEP][PASSED] - click: Object: 'Object Repository/searchGoogle/Page_Sams Teach Yourself Java in 21/see buying options' is clicked on

2018-05-19 15:21:49 - [MESSAGE][PASSED] - Object: 'Object Repository/searchGoogle/Page_Sams Teach Yourself Java in 21/see buying options' is clicked on

2018-05-19 15:21:49 - [TEST_STEP][PASSED] - click: Object: 'Object Repository/searchGoogle/Page_Sams Teach Yourself Java in 21/input_submit.add-to-cart-ubb' is clicked on

2018-05-19 15:21:52 - [MESSAGE][PASSED] - Object: 'Object Repository/searchGoogle/Page_Sams Teach Yourself Java in 21/input_submit.add-to-cart-ubb' is clicked on

2018-05-19 15:21:52 - [TEST_STEP][PASSED] - click: Object: 'Object Repository/searchGoogle/Page_Amazon.co.uk Shopping Basket/span_15.41' is clicked on

2018-05-19 15:21:53 - [MESSAGE][PASSED] - Object: 'Object Repository/searchGoogle/Page_Amazon.co.uk Shopping Basket/span_15.41' is clicked on

2018-05-19 15:21:53 - [TEST_STEP][PASSED] - click: Object: 'Object Repository/searchGoogle/Page_Amazon.co.uk Shopping Basket/span_15.41' is clicked on

2018-05-19 15:21:53 - [MESSAGE][PASSED] - Object: 'Object Repository/searchGoogle/Page_Amazon.co.uk Shopping Basket/span_15.41' is clicked on

2018-05-19 15:21:53 - [TEST_STEP][PASSED] - closeBrowser: Browser is closed

2018-05-19 15:21:56 - [MESSAGE][PASSED] - Browser is closed]]></system-out>
         <system-err><![CDATA[]]></system-err>
      </testcase>
      <system-out><![CDATA[2018-05-19 15:20:26 - [TEST_SUITE][PASSED] - searchTestSuite: Test Cases/searchGoogle]]></system-out>
      <system-err><![CDATA[]]></system-err>
   </testsuite>
</testsuites>
