<?xml version="1.0" encoding="UTF-8"?>
<testsuites name="searchTestSuite" time="0" tests="0" failures="0" errors="0">
   <testsuite name="searchTestSuite" tests="0" failures="0" errors="0" time="0" timestamp="2018-05-19 13:45:59" hostname="abdul - LAPTOP-4FQQCFFD.Home" id="Test Suites/searchTestSuite">
      <properties>
         <property name="deviceName" value=""/>
         <property name="devicePlatform" value=""/>
         <property name="logFolder" value="C:\\Users\\abdul\\Katalon Studio\\Katalon Project\\Reports\\searchTestSuite\\20180519_134555"/>
         <property name="logFiles" value="C:\\Users\\abdul\\Katalon Studio\\Katalon Project\\Reports\\searchTestSuite\\20180519_134555\\execution0.log"/>
         <property name="attachments" value=""/>
         <property name="hostName" value="abdul - LAPTOP-4FQQCFFD.Home"/>
         <property name="hostAddress" value="192.168.0.42"/>
         <property name="os" value="Windows 10 64bit"/>
         <property name="katalonVersion" value="5.4.1.1"/>
      </properties>
      <system-out><![CDATA[2018-05-19 13:45:59 - [TEST_SUITE][PASSED] - searchTestSuite: null]]></system-out>
      <system-err><![CDATA[]]></system-err>
   </testsuite>
</testsuites>
